\BOOKMARK [0][-]{section*.3}{\376\377\000C\000o\000n\000t\000e\000n\000t\000s}{}% 1
\BOOKMARK [0][-]{section*.4}{\376\377\000L\000i\000s\000t\000\040\000o\000f\000\040\000F\000i\000g\000u\000r\000e\000s}{}% 2
\BOOKMARK [0][-]{section*.5}{\376\377\000L\000i\000s\000t\000\040\000o\000f\000\040\000T\000a\000b\000l\000e\000s}{}% 3
\BOOKMARK [0][-]{chapter*.6}{\376\377\000L\000i\000s\000t\000\040\000o\000f\000\040\000A\000c\000r\000o\000n\000y\000m\000s}{}% 4
\BOOKMARK [0][-]{chapter.1}{\376\377\000I\000n\000t\000r\000o\000d\000u\000c\000t\000i\000o\000n}{}% 5
\BOOKMARK [1][-]{section.1.1}{\376\377\000M\000o\000t\000i\000v\000a\000t\000i\000o\000n}{chapter.1}% 6
\BOOKMARK [2][-]{subsection.1.1.1}{\376\377\000W\000h\000y\000\040\000v\000a\000r\000i\000a\000n\000t\000s\000\040\000?}{section.1.1}% 7
\BOOKMARK [1][-]{section.1.2}{\376\377\000C\000o\000n\000t\000r\000i\000b\000u\000t\000i\000o\000n\000s}{chapter.1}% 8
\BOOKMARK [0][-]{chapter.2}{\376\377\000S\000t\000a\000t\000e\000\040\000o\000f\000\040\000t\000h\000e\000\040\000a\000r\000t}{}% 9
\BOOKMARK [1][-]{section.2.1}{\376\377\000R\000Q\0001\000,\000\040\000g\000e\000n\000e\000r\000a\000t\000i\000o\000n}{chapter.2}% 10
\BOOKMARK [1][-]{section.2.2}{\376\377\000R\000Q\0002\000,\000\040\000a\000s\000s\000e\000s\000m\000e\000n\000t}{chapter.2}% 11
\BOOKMARK [1][-]{section.2.3}{\376\377\000R\000Q\000N\000,\000\040\000u\000s\000a\000g\000e}{chapter.2}% 12
\BOOKMARK [0][-]{chapter.3}{\376\377\000G\000e\000n\000e\000r\000a\000t\000i\000o\000n}{}% 13
\BOOKMARK [1][-]{section.3.1}{\376\377\000C\000R\000O\000W}{chapter.3}% 14
\BOOKMARK [2][-]{subsection.3.1.1}{\376\377\000E\000x\000a\000m\000p\000l\000e}{section.3.1}% 15
\BOOKMARK [1][-]{section.3.2}{\376\377\000E\000v\000a\000l\000u\000a\000t\000i\000o\000n}{chapter.3}% 16
\BOOKMARK [2][-]{subsection.3.2.1}{\376\377\000C\000o\000r\000p\000o\000r\000a}{section.3.2}% 17
\BOOKMARK [2][-]{subsection.3.2.2}{\376\377\000S\000e\000t\000u\000p\000\040\000a\000n\000d\000\040\000e\000v\000a\000l\000u\000a\000t\000i\000o\000n}{section.3.2}% 18
\BOOKMARK [1][-]{section.3.3}{\376\377\000R\000e\000s\000u\000l\000t\000s}{chapter.3}% 19
\BOOKMARK [2][-]{subsection.3.3.1}{\376\377\000P\000r\000o\000p\000e\000r\000t\000i\000e\000s\000\040\000f\000o\000r\000\040\000l\000a\000r\000g\000e\000\040\000d\000i\000v\000e\000r\000s\000i\000f\000i\000c\000a\000t\000i\000o\000n\000\040\000u\000s\000i\000n\000g\000\040\000C\000R\000O\000W}{section.3.3}% 20
\BOOKMARK [2][-]{subsection.3.3.2}{\376\377\000C\000h\000a\000l\000l\000e\000n\000g\000e\000s\000\040\000f\000o\000r\000\040\000a\000u\000t\000o\000m\000a\000t\000i\000c\000\040\000d\000i\000v\000e\000r\000s\000i\000f\000i\000c\000a\000t\000i\000o\000n}{section.3.3}% 21
\BOOKMARK [2][-]{subsection.3.3.3}{\376\377\000V\000a\000r\000i\000a\000n\000t\000s\000\040\000p\000r\000o\000p\000e\000r\000t\000i\000e\000s}{section.3.3}% 22
\BOOKMARK [1][-]{section.3.4}{\376\377\000C\000o\000n\000c\000l\000u\000s\000i\000o\000n\000s}{chapter.3}% 23
\BOOKMARK [0][-]{chapter.4}{\376\377\000D\000i\000v\000e\000r\000s\000i\000t\000y\000\040\000A\000s\000s\000e\000s\000s\000m\000e\000n\000t\000\040\000\050\000S\000T\000R\000A\000C\000\040\000+\000\040\000C\000R\000O\000W\000\051}{}% 24
\BOOKMARK [1][-]{section.4.1}{\376\377\000S\000t\000a\000t\000i\000c}{chapter.4}% 25
\BOOKMARK [1][-]{section.4.2}{\376\377\000D\000y\000n\000a\000m\000i\000c}{chapter.4}% 26
\BOOKMARK [2][-]{subsection.4.2.1}{\376\377\000T\000r\000a\000c\000e\000\040\000b\000a\000s\000e\000d}{section.4.2}% 27
\BOOKMARK [2][-]{subsection.4.2.2}{\376\377\000T\000i\000m\000i\000n\000g}{section.4.2}% 28
\BOOKMARK [1][-]{section.4.3}{\376\377\000P\000r\000e\000s\000e\000r\000v\000a\000t\000i\000o\000n}{chapter.4}% 29
\BOOKMARK [2][-]{subsection.4.3.1}{\376\377\000B\000r\000o\000w\000s\000e\000r\000\040\000b\000a\000s\000e\000d\000\040\000s\000t\000u\000d\000y\000\040\000\050\000V\0008\000\051}{section.4.3}% 30
\BOOKMARK [2][-]{subsection.4.3.2}{\376\377\000B\000a\000c\000k\000e\000n\000d\000\040\000b\000a\000s\000e\000d\000\040\000s\000t\000u\000d\000y\000\040\000\050\000w\000a\000s\000m\000t\000i\000m\000e\000\051}{section.4.3}% 31
\BOOKMARK [0][-]{chapter.5}{\376\377\000V\000a\000r\000i\000a\000n\000t\000s\000\040\000U\000s\000a\000g\000e\000\040\000\050\000C\000R\000O\000W\000\040\000+\000\040\000M\000E\000W\000E\000\051}{}% 32
\BOOKMARK [1][-]{section.5.1}{\376\377\000S\000e\000c\000u\000r\000i\000t\000y\000\040\000M\000T\000D}{chapter.5}% 33
\BOOKMARK [1][-]{section.5.2}{\376\377\000R\000e\000l\000i\000a\000b\000i\000l\000i\000t\000y\000\040\000\050\000C\000V\000E\000\040\000+\000\040\000f\000u\000z\000z\000\051\000\040\000f\000u\000t\000u\000r\000e\000\040\000w\000o\000r\000k}{chapter.5}% 34
\BOOKMARK [0][-]{chapter.6}{\376\377\000C\000o\000n\000c\000l\000u\000s\000i\000o\000n\000\040\000a\000n\000d\000\040\000F\000u\000t\000u\000r\000e\000\040\000W\000o\000r\000k}{}% 35
\BOOKMARK [1][-]{section.6.1}{\376\377\000F\000u\000t\000u\000r\000e\000\040\000W\000o\000r\000k}{chapter.6}% 36
\BOOKMARK [2][-]{subsection.6.1.1}{\376\377\000w\000a\000s\000m\000-\000m\000u\000t\000a\000t\000e\000\040\000f\000u\000t\000u\000r\000e\000\040\000w\000o\000r\000k}{section.6.1}% 37
\BOOKMARK [0][-]{subsection.6.1.1}{\376\377\000A\000p\000p\000e\000n\000d\000e\000d\000\040\000p\000a\000p\000e\000r\000s}{}% 38
